<?xml version="1.0" encoding="UTF-8"?>
<!-- Generated by org.testng.reporters.JUnitReportReporter -->
<testsuite hostname="DESKTOP-5FOVL37" failures="0" tests="1" name="testcases.TCLetcodepages" time="55.245" errors="0" timestamp="2024-05-28T10:46:02 IST" skipped="0">
  <testcase classname="testcases.TCLetcodepages" name="letcodepages" time="55.245"/>
</testsuite> <!-- testcases.TCLetcodepages -->
