<?xml version="1.0" encoding="UTF-8"?>
<!-- Generated by org.testng.reporters.JUnitReportReporter -->
<testsuite hostname="DESKTOP-5FOVL37" failures="0" tests="4" name="com.loa.dataproviders.Logincredentlsmultiplewaystesting" time="35.167" errors="0" timestamp="2024-05-20T12:40:52 IST" skipped="0">
  <testcase classname="com.loa.dataproviders.Logincredentlsmultiplewaystesting" name="main" time="7.445"/>
  <testcase classname="com.loa.dataproviders.Logincredentlsmultiplewaystesting" name="main" time="7.882"/>
  <testcase classname="com.loa.dataproviders.Logincredentlsmultiplewaystesting" name="main" time="7.538"/>
  <testcase classname="com.loa.dataproviders.Logincredentlsmultiplewaystesting" name="main" time="12.302"/>
</testsuite> <!-- com.loa.dataproviders.Logincredentlsmultiplewaystesting -->
