<?xml version="1.0" encoding="UTF-8"?>
<!-- Generated by org.testng.reporters.JUnitReportReporter -->
<testsuite hostname="DESKTOP-5FOVL37" failures="0" tests="2" name="amazonprojetcs.Searchthelogin" time="19.533" errors="0" timestamp="2024-06-03T11:13:19 IST" skipped="0">
  <testcase classname="amazonprojetcs.Searchthelogin" name="amazonSearch" time="11.575"/>
  <testcase classname="amazonprojetcs.Searchthelogin" name="listProductTitles" time="7.958"/>
</testsuite> <!-- amazonprojetcs.Searchthelogin -->
