<?xml version="1.0" encoding="UTF-8"?>
<!-- Generated by org.testng.reporters.JUnitReportReporter -->
<testsuite hostname="DESKTOP-5FOVL37" failures="0" tests="1" name="testcases.TC001" time="10.252" errors="0" timestamp="2024-03-29T11:57:37 IST" skipped="0">
  <testcase classname="testcases.TC001" name="Digischeduler" time="10.252"/>
</testsuite> <!-- testcases.TC001 -->
